<?xml version="1.0" encoding="UTF-8"?>
<!-- Generated by org.testng.reporters.JUnitReportReporter -->
<testsuite hostname="DESKTOP-40QN50F" name="mainclass.MainClass" tests="1" failures="0" timestamp="31 May 2020 14:39:55 GMT" time="54.760" errors="0">
  <testcase name="productCheckOut" time="54.760" classname="mainclass.MainClass"/>
</testsuite> <!-- mainclass.MainClass -->
